<?xml version="1.0" encoding="UTF-8"?>
<!-- Generated by org.testng.reporters.JUnitReportReporter -->
<testsuite skipped="0" hostname="Mani-PC" name="com.mobproxy.browserMobProxy.SampleTestNG" tests="1" failures="0" timestamp="30 Dec 2017 15:20:44 GMT" time="75.618" errors="0">
  <testcase name="test" time="75.618" classname="com.mobproxy.browserMobProxy.SampleTestNG"/>
</testsuite> <!-- com.mobproxy.browserMobProxy.SampleTestNG -->
