<?xml version="1.0" encoding="UTF-8"?>
<!-- Generated by org.testng.reporters.JUnitReportReporter -->
<testsuite skipped="0" hostname="Mani-PC" name="com.mobproxy.browserMobProxy.SampleTestNG" tests="1" failures="0" timestamp="31 Dec 2017 15:51:13 GMT" time="165.941" errors="0">
  <testcase name="test" time="165.941" classname="com.mobproxy.browserMobProxy.SampleTestNG"/>
</testsuite> <!-- com.mobproxy.browserMobProxy.SampleTestNG -->
